TN:
SF:src/contexts/ThemeContext.jsx
FN:8,ThemeProvider
FN:9,(anonymous_1)
FN:17,(anonymous_2)
FN:22,(anonymous_3)
FN:23,(anonymous_4)
FN:34,useTheme
FNF:6
FNH:6
FNDA:9,ThemeProvider
FNDA:7,(anonymous_1)
FNDA:9,(anonymous_2)
FNDA:2,(anonymous_3)
FNDA:2,(anonymous_4)
FNDA:12,useTheme
DA:3,1
DA:6,1
DA:9,9
DA:10,7
DA:11,7
DA:12,7
DA:14,0
DA:17,9
DA:18,9
DA:19,9
DA:22,9
DA:23,2
DA:27,9
DA:35,12
DA:36,12
DA:37,9
LF:16
LH:15
BRDA:12,0,0,3
BRDA:12,0,1,4
BRDA:23,1,0,1
BRDA:23,1,1,1
BRDA:36,2,0,2
BRDA:36,2,1,10
BRF:6
BRH:6
end_of_record
TN:
SF:src/contexts/UIContext.jsx
FN:8,isValidNotifPrefs
FN:11,(anonymous_1)
FN:14,useLocalStorage
FN:15,(anonymous_3)
FN:24,(anonymous_4)
FN:31,UIProvider
FN:46,(anonymous_6)
FN:47,(anonymous_7)
FN:56,useUI
FNF:9
FNH:9
FNDA:16,isValidNotifPrefs
FNDA:53,(anonymous_1)
FNDA:48,useLocalStorage
FNDA:39,(anonymous_3)
FNDA:39,(anonymous_4)
FNDA:16,UIProvider
FNDA:2,(anonymous_6)
FNDA:1,(anonymous_7)
FNDA:19,useUI
DA:3,1
DA:6,1
DA:9,16
DA:10,14
DA:11,53
DA:15,48
DA:16,39
DA:17,39
DA:18,39
DA:20,0
DA:24,48
DA:25,39
DA:28,48
DA:32,16
DA:34,16
DA:36,16
DA:37,16
DA:41,16
DA:42,16
DA:44,16
DA:46,16
DA:47,16
DA:49,16
DA:57,19
DA:58,19
DA:59,16
LF:26
LH:25
BRDA:9,0,0,2
BRDA:9,0,1,14
BRDA:9,1,0,16
BRDA:9,1,1,16
BRDA:9,1,2,15
BRDA:18,2,0,7
BRDA:18,2,1,32
BRDA:34,3,0,15
BRDA:34,3,1,1
BRDA:42,4,0,13
BRDA:42,4,1,3
BRDA:58,5,0,2
BRDA:58,5,1,17
BRF:13
BRH:13
end_of_record
TN:
SF:src/hooks/useCatalogue.js
FN:33,buildModuleEntries
FN:34,(anonymous_1)
FN:44,buildActionEntries
FN:100,useCatalogue
FN:105,(anonymous_4)
FN:106,(anonymous_5)
FN:118,(anonymous_6)
FNF:7
FNH:7
FNDA:5,buildModuleEntries
FNDA:35,(anonymous_1)
FNDA:5,buildActionEntries
FNDA:5,useCatalogue
FNDA:5,(anonymous_4)
FNDA:1,(anonymous_5)
FNDA:5,(anonymous_6)
DA:23,1
DA:34,35
DA:45,5
DA:72,5
DA:73,5
DA:93,5
DA:101,5
DA:102,5
DA:103,5
DA:105,5
DA:106,1
DA:118,5
DA:119,5
LF:13
LH:13
BRDA:39,0,0,35
BRDA:39,0,1,0
BRDA:72,1,0,5
BRDA:72,1,1,0
BRDA:106,2,0,5
BRDA:106,2,1,4
BRDA:109,3,0,1
BRDA:109,3,1,0
BRDA:109,3,2,0
BRDA:110,4,0,1
BRDA:110,4,1,0
BRDA:111,5,0,1
BRDA:111,5,1,0
BRDA:111,6,0,1
BRDA:111,6,1,0
BRDA:111,7,0,1
BRDA:111,7,1,0
BRF:17
BRH:9
end_of_record
TN:
SF:src/hooks/useCategorias.js
FN:6,(anonymous_0)
FN:9,useCategoriasList
FN:12,(anonymous_2)
FN:13,(anonymous_3)
FN:18,useCreateCategoria
FN:21,(anonymous_5)
FN:22,(anonymous_6)
FN:26,useUploadCategoriaThumbnail
FN:29,(anonymous_8)
FN:38,(anonymous_9)
FN:45,useDeleteCategoria
FN:48,(anonymous_11)
FN:49,(anonymous_12)
FNF:13
FNH:13
FNDA:4,(anonymous_0)
FNDA:4,useCategoriasList
FNDA:2,(anonymous_2)
FNDA:4,(anonymous_3)
FNDA:2,useCreateCategoria
FNDA:1,(anonymous_5)
FNDA:1,(anonymous_6)
FNDA:2,useUploadCategoriaThumbnail
FNDA:1,(anonymous_8)
FNDA:1,(anonymous_9)
FNDA:1,useDeleteCategoria
FNDA:1,(anonymous_11)
FNDA:1,(anonymous_12)
DA:4,2
DA:6,4
DA:10,4
DA:12,2
DA:13,4
DA:19,2
DA:20,2
DA:21,1
DA:22,1
DA:27,2
DA:28,2
DA:30,1
DA:31,1
DA:32,1
DA:39,1
DA:40,1
DA:46,1
DA:47,1
DA:48,1
DA:50,1
DA:51,1
LF:21
LH:21
BRDA:13,0,0,2
BRDA:13,0,1,2
BRDA:13,1,0,2
BRDA:13,1,1,0
BRF:4
BRH:3
end_of_record
TN:
SF:src/hooks/useDocumentos.js
FN:5,formatBytes
FN:15,normalizeDoc
FN:44,(anonymous_2)
FN:45,(anonymous_3)
FN:48,useDocumentosList
FN:51,(anonymous_5)
FN:52,(anonymous_6)
FN:59,useDocumentoBySlug
FN:62,(anonymous_8)
FN:68,useCreateDocumento
FN:71,(anonymous_10)
FN:73,(anonymous_11)
FN:77,useUpdateDocumento
FN:80,(anonymous_13)
FN:82,(anonymous_14)
FN:86,useDeleteDocumento
FN:89,(anonymous_16)
FN:90,(anonymous_17)
FNF:18
FNH:18
FNDA:3,formatBytes
FNDA:3,normalizeDoc
FNDA:2,(anonymous_2)
FNDA:3,(anonymous_3)
FNDA:2,useDocumentosList
FNDA:1,(anonymous_5)
FNDA:2,(anonymous_6)
FNDA:3,useDocumentoBySlug
FNDA:1,(anonymous_8)
FNDA:2,useCreateDocumento
FNDA:1,(anonymous_10)
FNDA:1,(anonymous_11)
FNDA:1,useUpdateDocumento
FNDA:1,(anonymous_13)
FNDA:1,(anonymous_14)
FNDA:1,useDeleteDocumento
FNDA:1,(anonymous_16)
FNDA:1,(anonymous_17)
DA:6,3
DA:7,2
DA:8,2
DA:9,2
DA:10,2
DA:13,2
DA:16,3
DA:17,3
DA:18,3
DA:42,2
DA:44,2
DA:45,3
DA:49,2
DA:51,1
DA:52,2
DA:60,3
DA:62,1
DA:69,2
DA:70,2
DA:72,1
DA:73,1
DA:78,1
DA:79,1
DA:81,1
DA:82,1
DA:87,1
DA:88,1
DA:89,1
DA:90,1
LF:29
LH:29
BRDA:6,0,0,1
BRDA:6,0,1,2
BRDA:16,1,0,3
BRDA:16,1,1,1
BRDA:17,2,0,3
BRDA:17,2,1,3
BRDA:24,3,0,3
BRDA:24,3,1,1
BRDA:25,4,0,3
BRDA:25,4,1,1
BRDA:26,5,0,3
BRDA:26,5,1,1
BRDA:27,6,0,3
BRDA:27,6,1,1
BRDA:32,7,0,3
BRDA:32,7,1,1
BRDA:33,8,0,3
BRDA:33,8,1,3
BRDA:36,9,0,3
BRDA:36,9,1,1
BRDA:37,10,0,3
BRDA:37,10,1,1
BRDA:48,11,0,2
BRF:23
BRH:23
end_of_record
TN:
SF:src/hooks/useMapas.js
FN:7,fmtFromUrl
FN:13,deriveFormats
FN:25,normalizeMap
FN:77,(anonymous_3)
FN:78,(anonymous_4)
FN:82,useMapasList
FN:85,(anonymous_6)
FN:86,(anonymous_7)
FN:93,useMapaBySlug
FN:96,(anonymous_9)
FN:103,useCreateMapa
FN:106,(anonymous_11)
FN:108,(anonymous_12)
FN:112,useUpdateMapa
FN:115,(anonymous_14)
FN:117,(anonymous_15)
FN:121,useToggleMapaActivo
FN:124,(anonymous_17)
FN:125,(anonymous_18)
FN:129,useDeleteMapa
FN:132,(anonymous_20)
FN:133,(anonymous_21)
FNF:22
FNH:22
FNDA:8,fmtFromUrl
FNDA:5,deriveFormats
FNDA:5,normalizeMap
FNDA:4,(anonymous_3)
FNDA:3,(anonymous_4)
FNDA:4,useMapasList
FNDA:2,(anonymous_6)
FNDA:4,(anonymous_7)
FNDA:3,useMapaBySlug
FNDA:1,(anonymous_9)
FNDA:1,useCreateMapa
FNDA:1,(anonymous_11)
FNDA:1,(anonymous_12)
FNDA:1,useUpdateMapa
FNDA:1,(anonymous_14)
FNDA:1,(anonymous_15)
FNDA:1,useToggleMapaActivo
FNDA:1,(anonymous_17)
FNDA:1,(anonymous_18)
FNDA:2,useDeleteMapa
FNDA:1,(anonymous_20)
FNDA:1,(anonymous_21)
DA:8,8
DA:9,8
DA:10,8
DA:14,5
DA:15,5
DA:16,5
DA:17,4
DA:18,4
DA:19,4
DA:21,5
DA:22,5
DA:26,5
DA:27,5
DA:29,5
DA:30,5
DA:31,5
DA:75,2
DA:77,4
DA:78,3
DA:83,4
DA:85,2
DA:86,4
DA:94,3
DA:96,1
DA:104,1
DA:105,1
DA:107,1
DA:108,1
DA:113,1
DA:114,1
DA:116,1
DA:117,1
DA:122,1
DA:123,1
DA:124,1
DA:125,1
DA:130,2
DA:131,2
DA:132,1
DA:133,1
LF:40
LH:40
BRDA:8,0,0,0
BRDA:8,0,1,8
BRDA:10,1,0,0
BRDA:10,1,1,8
BRDA:15,2,0,0
BRDA:15,2,1,5
BRDA:16,3,0,4
BRDA:16,3,1,1
BRDA:18,4,0,0
BRDA:18,4,1,4
BRDA:18,5,0,4
BRDA:18,5,1,0
BRDA:19,6,0,4
BRDA:19,6,1,0
BRDA:21,7,0,0
BRDA:21,7,1,5
BRDA:22,8,0,4
BRDA:22,8,1,1
BRDA:29,9,0,5
BRDA:29,9,1,5
BRDA:29,9,2,1
BRDA:30,10,0,4
BRDA:30,10,1,1
BRDA:30,11,0,0
BRDA:30,11,1,1
BRDA:38,12,0,5
BRDA:38,12,1,1
BRDA:39,13,0,5
BRDA:39,13,1,5
BRDA:40,14,0,5
BRDA:40,14,1,1
BRDA:41,15,0,5
BRDA:41,15,1,5
BRDA:42,16,0,5
BRDA:42,16,1,5
BRDA:44,17,0,5
BRDA:44,17,1,1
BRDA:49,18,0,5
BRDA:49,18,1,1
BRDA:52,19,0,5
BRDA:52,19,1,1
BRDA:53,20,0,5
BRDA:53,20,1,1
BRDA:55,21,0,0
BRDA:55,21,1,5
BRDA:57,22,0,5
BRDA:57,22,1,5
BRDA:63,23,0,5
BRDA:63,23,1,5
BRDA:66,24,0,0
BRDA:66,24,1,5
BRDA:66,25,0,5
BRDA:66,25,1,0
BRDA:66,25,2,0
BRDA:69,26,0,5
BRDA:69,26,1,5
BRDA:82,27,0,4
BRF:57
BRH:45
end_of_record
TN:
SF:src/hooks/useNoticias.js
FN:5,normalizeNoticia
FN:38,(anonymous_1)
FN:39,(anonymous_2)
FN:42,useNoticiasList
FN:45,(anonymous_4)
FN:46,(anonymous_5)
FN:53,useNoticiaBySlug
FN:56,(anonymous_7)
FN:62,useCreateNoticia
FN:65,(anonymous_9)
FN:67,(anonymous_10)
FN:71,useUpdateNoticia
FN:74,(anonymous_12)
FN:76,(anonymous_13)
FN:80,useDeleteNoticia
FN:83,(anonymous_15)
FN:84,(anonymous_16)
FNF:17
FNH:17
FNDA:5,normalizeNoticia
FNDA:8,(anonymous_1)
FNDA:3,(anonymous_2)
FNDA:8,useNoticiasList
FNDA:6,(anonymous_4)
FNDA:8,(anonymous_5)
FNDA:3,useNoticiaBySlug
FNDA:1,(anonymous_7)
FNDA:2,useCreateNoticia
FNDA:1,(anonymous_9)
FNDA:1,(anonymous_10)
FNDA:1,useUpdateNoticia
FNDA:1,(anonymous_12)
FNDA:1,(anonymous_13)
FNDA:1,useDeleteNoticia
FNDA:1,(anonymous_15)
FNDA:1,(anonymous_16)
DA:6,5
DA:36,2
DA:38,8
DA:39,3
DA:43,8
DA:45,6
DA:46,8
DA:54,3
DA:56,1
DA:63,2
DA:64,2
DA:66,1
DA:67,1
DA:72,1
DA:73,1
DA:75,1
DA:76,1
DA:81,1
DA:82,1
DA:83,1
DA:84,1
LF:21
LH:21
BRDA:11,0,0,5
BRDA:11,0,1,0
BRDA:12,1,0,5
BRDA:12,1,1,0
BRDA:13,2,0,5
BRDA:13,2,1,0
BRDA:15,3,0,5
BRDA:15,3,1,0
BRDA:16,4,0,5
BRDA:16,4,1,0
BRDA:17,5,0,5
BRDA:17,5,1,0
BRDA:18,6,0,5
BRDA:18,6,1,0
BRDA:24,7,0,5
BRDA:24,7,1,0
BRDA:25,8,0,5
BRDA:25,8,1,5
BRDA:28,9,0,5
BRDA:28,9,1,0
BRDA:29,10,0,5
BRDA:29,10,1,0
BRDA:30,11,0,5
BRDA:30,11,1,0
BRDA:31,12,0,5
BRDA:31,12,1,5
BRDA:42,13,0,8
BRF:27
BRH:16
end_of_record
TN:
SF:src/hooks/useNotificaciones.js
FN:4,useAdminNotificaciones
FN:7,(anonymous_1)
FN:8,(anonymous_2)
FNF:3
FNH:3
FNDA:3,useAdminNotificaciones
FNDA:1,(anonymous_1)
FNDA:2,(anonymous_2)
DA:5,3
DA:7,1
DA:8,2
LF:3
LH:3
BRDA:4,0,0,3
BRDA:8,1,0,2
BRDA:8,1,1,2
BRDA:8,1,2,0
BRF:4
BRH:3
end_of_record
TN:
SF:src/hooks/useReducedMotion.js
FN:3,useReducedMotion
FN:4,(anonymous_1)
FN:9,(anonymous_2)
FN:11,(anonymous_3)
FN:13,(anonymous_4)
FNF:5
FNH:5
FNDA:7,useReducedMotion
FNDA:5,(anonymous_1)
FNDA:5,(anonymous_2)
FNDA:2,(anonymous_3)
FNDA:5,(anonymous_4)
DA:4,7
DA:5,5
DA:6,5
DA:9,7
DA:10,5
DA:11,5
DA:12,5
DA:13,5
DA:16,7
LF:9
LH:9
BRDA:5,0,0,0
BRDA:5,0,1,5
BRF:2
BRH:1
end_of_record
TN:
SF:src/hooks/useSolicitudes.js
FN:45,buildTimeline
FN:53,normalizeSolicitud
FN:82,(anonymous_2)
FN:83,(anonymous_3)
FN:84,(anonymous_4)
FN:87,useSolicitudesAdmin
FN:90,(anonymous_6)
FN:91,(anonymous_7)
FN:98,useMisSolicitudes
FN:101,(anonymous_9)
FN:102,(anonymous_10)
FN:109,useSolicitudById
FN:112,(anonymous_12)
FN:114,(anonymous_13)
FN:118,useCreateSolicitud
FN:121,(anonymous_15)
FN:122,(anonymous_16)
FN:126,useUpdateEstadoSolicitud
FN:129,(anonymous_18)
FN:134,(anonymous_19)
FN:138,useResponderSolicitud
FN:141,(anonymous_21)
FN:143,(anonymous_22)
FN:147,useSolicitudArchivos
FN:150,(anonymous_24)
FN:155,useUploadSolicitudArchivo
FN:158,(anonymous_26)
FN:165,(anonymous_27)
FN:171,useDeleteSolicitudArchivo
FN:174,(anonymous_29)
FN:176,(anonymous_30)
FN:182,useDownloadSolicitudArchivo
FN:184,(anonymous_32)
FNF:33
FNH:27
FNDA:0,buildTimeline
FNDA:0,normalizeSolicitud
FNDA:4,(anonymous_2)
FNDA:2,(anonymous_3)
FNDA:0,(anonymous_4)
FNDA:4,useSolicitudesAdmin
FNDA:2,(anonymous_6)
FNDA:2,(anonymous_7)
FNDA:2,useMisSolicitudes
FNDA:1,(anonymous_9)
FNDA:2,(anonymous_10)
FNDA:0,useSolicitudById
FNDA:0,(anonymous_12)
FNDA:0,(anonymous_13)
FNDA:5,useCreateSolicitud
FNDA:3,(anonymous_15)
FNDA:2,(anonymous_16)
FNDA:1,useUpdateEstadoSolicitud
FNDA:1,(anonymous_18)
FNDA:1,(anonymous_19)
FNDA:2,useResponderSolicitud
FNDA:1,(anonymous_21)
FNDA:1,(anonymous_22)
FNDA:3,useSolicitudArchivos
FNDA:1,(anonymous_24)
FNDA:2,useUploadSolicitudArchivo
FNDA:1,(anonymous_26)
FNDA:1,(anonymous_27)
FNDA:2,useDeleteSolicitudArchivo
FNDA:1,(anonymous_29)
FNDA:1,(anonymous_30)
FNDA:1,useDownloadSolicitudArchivo
FNDA:1,(anonymous_32)
DA:5,2
DA:14,2
DA:21,2
DA:28,2
DA:37,2
DA:46,0
DA:47,0
DA:48,0
DA:49,0
DA:50,0
DA:54,0
DA:55,0
DA:80,2
DA:82,4
DA:83,2
DA:84,0
DA:88,4
DA:90,2
DA:91,2
DA:99,2
DA:101,1
DA:102,2
DA:110,0
DA:112,0
DA:114,0
DA:119,5
DA:120,5
DA:121,3
DA:122,2
DA:127,1
DA:128,1
DA:130,1
DA:134,1
DA:139,2
DA:140,2
DA:142,1
DA:143,1
DA:148,3
DA:150,1
DA:156,2
DA:157,2
DA:159,1
DA:160,1
DA:161,1
DA:166,1
DA:172,2
DA:173,2
DA:175,1
DA:177,1
DA:183,1
DA:185,1
LF:51
LH:40
BRDA:46,0,0,0
BRDA:46,0,1,0
BRDA:47,1,0,0
BRDA:47,1,1,0
BRDA:48,2,0,0
BRDA:48,2,1,0
BRDA:49,3,0,0
BRDA:49,3,1,0
BRDA:54,4,0,0
BRDA:54,4,1,0
BRDA:58,5,0,0
BRDA:58,5,1,0
BRDA:60,6,0,0
BRDA:60,6,1,0
BRDA:61,7,0,0
BRDA:61,7,1,0
BRDA:66,8,0,0
BRDA:66,8,1,0
BRDA:67,9,0,0
BRDA:67,9,1,0
BRDA:68,10,0,0
BRDA:68,10,1,0
BRDA:69,11,0,0
BRDA:69,11,1,0
BRDA:70,12,0,0
BRDA:70,12,1,0
BRDA:72,13,0,0
BRDA:72,13,1,0
BRDA:73,14,0,0
BRDA:73,14,1,0
BRDA:76,15,0,0
BRDA:76,15,1,0
BRDA:87,16,0,4
BRDA:98,17,0,2
BRDA:131,18,0,1
BRDA:131,18,1,0
BRF:36
BRH:3
end_of_record
TN:
SF:src/hooks/useStats.js
FN:4,useAdminStats
FN:7,(anonymous_1)
FNF:2
FNH:2
FNDA:5,useAdminStats
FNDA:3,(anonymous_1)
DA:5,5
DA:7,3
LF:2
LH:2
BRF:0
BRH:0
end_of_record
TN:
SF:src/hooks/useUsuarios.js
FN:21,normalizeUser
FN:35,(anonymous_1)
FN:48,(anonymous_2)
FN:52,useUsuariosList
FN:55,(anonymous_4)
FN:56,(anonymous_5)
FN:64,useCreateUsuario
FN:67,(anonymous_7)
FN:75,(anonymous_8)
FN:79,useUpdateUsuarioRol
FN:82,(anonymous_10)
FN:86,(anonymous_11)
FN:91,useToggleActivo
FN:94,(anonymous_13)
FN:96,(anonymous_14)
FN:100,useDeleteUsuario
FN:103,(anonymous_16)
FN:104,(anonymous_17)
FN:108,useUpdatePerfil
FN:110,(anonymous_19)
FN:114,useUpdatePassword
FN:116,(anonymous_21)
FNF:22
FNH:22
FNDA:4,normalizeUser
FNDA:8,(anonymous_1)
FNDA:4,(anonymous_2)
FNDA:4,useUsuariosList
FNDA:2,(anonymous_4)
FNDA:4,(anonymous_5)
FNDA:2,useCreateUsuario
FNDA:1,(anonymous_7)
FNDA:1,(anonymous_8)
FNDA:2,useUpdateUsuarioRol
FNDA:1,(anonymous_10)
FNDA:1,(anonymous_11)
FNDA:1,useToggleActivo
FNDA:1,(anonymous_13)
FNDA:1,(anonymous_14)
FNDA:2,useDeleteUsuario
FNDA:1,(anonymous_16)
FNDA:1,(anonymous_17)
FNDA:2,useUpdatePerfil
FNDA:1,(anonymous_19)
FNDA:2,useUpdatePassword
FNDA:1,(anonymous_21)
DA:6,2
DA:13,2
DA:22,4
DA:23,4
DA:35,8
DA:46,2
DA:48,4
DA:53,4
DA:55,2
DA:56,4
DA:65,2
DA:66,2
DA:68,1
DA:75,1
DA:80,2
DA:81,2
DA:83,1
DA:86,1
DA:92,1
DA:93,1
DA:95,1
DA:96,1
DA:101,2
DA:102,2
DA:103,1
DA:104,1
DA:109,2
DA:110,1
DA:115,2
DA:117,1
LF:30
LH:30
BRDA:22,0,0,4
BRDA:22,0,1,0
BRDA:29,1,0,4
BRDA:29,1,1,0
BRDA:31,2,0,4
BRDA:31,2,1,4
BRDA:32,3,0,4
BRDA:32,3,1,4
BRDA:33,4,0,4
BRDA:33,4,1,0
BRDA:39,5,0,4
BRDA:39,5,1,0
BRDA:40,6,0,4
BRDA:40,6,1,4
BRDA:52,7,0,4
BRDA:71,8,0,1
BRDA:71,8,1,0
BRDA:72,9,0,1
BRDA:72,9,1,1
BRDA:84,10,0,1
BRDA:84,10,1,0
BRF:21
BRH:15
end_of_record
TN:
SF:src/lib/dateUtils.js
FN:2,formatDate
FN:12,timeAgo
FNF:2
FNH:2
FNDA:31,formatDate
FNDA:12,timeAgo
DA:3,31
DA:4,26
DA:13,12
DA:14,10
DA:15,10
DA:16,10
DA:17,9
DA:18,9
DA:19,8
DA:20,8
DA:21,7
LF:11
LH:11
BRDA:3,0,0,5
BRDA:3,0,1,26
BRDA:13,1,0,2
BRDA:13,1,1,10
BRDA:16,2,0,1
BRDA:16,2,1,9
BRDA:18,3,0,1
BRDA:18,3,1,8
BRDA:20,4,0,1
BRDA:20,4,1,7
BRF:10
BRH:10
end_of_record
TN:
SF:src/lib/validators.js
FN:22,validateRequired
FN:31,validateEmail
FN:45,validateMinLength
FN:58,validatePassword
FN:70,validatePasswordStrength
FN:86,passwordCriteria
FN:102,validatePasswordMatch
FN:113,validateCheckbox
FN:123,validateSelect
FNF:9
FNH:9
FNDA:5,validateRequired
FNDA:9,validateEmail
FNDA:5,validateMinLength
FNDA:6,validatePassword
FNDA:7,validatePasswordStrength
FNDA:5,passwordCriteria
FNDA:3,validatePasswordMatch
FNDA:2,validateCheckbox
FNDA:4,validateSelect
DA:14,1
DA:23,5
DA:32,9
DA:33,9
DA:34,6
DA:35,2
DA:46,5
DA:47,5
DA:48,3
DA:49,2
DA:59,6
DA:60,3
DA:61,2
DA:71,7
DA:72,6
DA:73,5
DA:74,4
DA:75,3
DA:76,2
DA:77,2
DA:78,1
DA:87,5
DA:103,3
DA:104,1
DA:114,2
DA:124,4
LF:26
LH:26
BRDA:23,0,0,1
BRDA:23,0,1,4
BRDA:32,1,0,9
BRDA:32,1,1,2
BRDA:33,2,0,3
BRDA:33,2,1,6
BRDA:34,3,0,4
BRDA:34,3,1,2
BRDA:46,4,0,5
BRDA:46,4,1,1
BRDA:47,5,0,2
BRDA:47,5,1,3
BRDA:48,6,0,1
BRDA:48,6,1,2
BRDA:58,7,0,6
BRDA:59,8,0,3
BRDA:59,8,1,3
BRDA:60,9,0,1
BRDA:60,9,1,2
BRDA:71,10,0,1
BRDA:71,10,1,6
BRDA:72,11,0,1
BRDA:72,11,1,5
BRDA:73,12,0,1
BRDA:73,12,1,4
BRDA:74,13,0,1
BRDA:74,13,1,3
BRDA:75,14,0,1
BRDA:75,14,1,2
BRDA:76,15,0,1
BRDA:76,15,1,1
BRDA:86,16,0,5
BRDA:103,17,0,2
BRDA:103,17,1,1
BRDA:114,18,0,1
BRDA:114,18,1,1
BRDA:124,19,0,1
BRDA:124,19,1,3
BRF:38
BRH:38
end_of_record
TN:
SF:src/lib/constants/admin.js
FNF:0
FNH:0
DA:2,1
DA:14,1
DA:29,1
LF:3
LH:3
BRF:0
BRH:0
end_of_record
TN:
SF:src/lib/constants/analysis.js
FNF:0
FNH:0
DA:1,1
DA:11,1
LF:2
LH:2
BRF:0
BRH:0
end_of_record
TN:
SF:src/lib/constants/documents.js
FNF:0
FNH:0
DA:2,1
DA:13,1
LF:2
LH:2
BRF:0
BRH:0
end_of_record
TN:
SF:src/lib/constants/index.js
FNF:0
FNH:0
LF:0
LH:0
BRF:0
BRH:0
end_of_record
TN:
SF:src/lib/constants/maps.js
FNF:0
FNH:0
DA:2,1
DA:12,1
DA:19,1
LF:3
LH:3
BRF:0
BRH:0
end_of_record
TN:
SF:src/lib/constants/modules.js
FNF:0
FNH:0
DA:3,1
LF:1
LH:1
BRF:0
BRH:0
end_of_record
TN:
SF:src/lib/constants/nav.js
FNF:0
FNH:0
DA:6,1
DA:16,1
DA:26,1
DA:61,1
LF:4
LH:4
BRF:0
BRH:0
end_of_record
TN:
SF:src/lib/constants/news.js
FNF:0
FNH:0
DA:1,1
DA:22,1
LF:2
LH:2
BRF:0
BRH:0
end_of_record
TN:
SF:src/lib/constants/solicitudes.js
FNF:0
FNH:0
DA:1,1
DA:8,1
DA:99,1
LF:3
LH:3
BRF:0
BRH:0
end_of_record
